<?xml version="1.0" encoding="utf-8"?><testsuites><testsuite name="pytest" errors="0" failures="0" skipped="0" tests="10" time="22.630" timestamp="2026-06-23T00:41:21.021197" hostname="92d14a31343c"><testcase classname="tests.test_auth" name="test_registro_de_usuario_nuevo" time="6.627" /><testcase classname="tests.test_auth" name="test_registro_de_usuario_duplicado_falla" time="0.175" /><testcase classname="tests.test_auth" name="test_login_exitoso_devuelve_jwt" time="0.345" /><testcase classname="tests.test_auth" name="test_login_con_password_incorrecta_falla" time="0.974" /><testcase classname="tests.test_catalogo" name="test_menu_vacio_si_no_hay_platos" time="6.486" /><testcase classname="tests.test_catalogo" name="test_menu_devuelve_platos_sembrados" time="0.632" /><testcase classname="tests.test_pedidos" name="test_pedidos_recientes_responde_lista" time="6.584" /><testcase classname="tests.test_pedidos" name="test_crear_pedido_exitoso" time="0.011" /><testcase classname="tests.test_pedidos" name="test_calificar_pedido_no_aprobado_falla" time="0.011" /><testcase classname="tests.test_pedidos" name="test_calificar_con_estrellas_invalidas_falla" time="0.766" /></testsuite></testsuites>